android-master/android-master/simplearxan/app/build/intermediates/manifest_merge_blame_file/debug/manifest-merger-blame-debug-report.txt
1<?xml version="1.0" encoding="utf-8"?>
2<manifest xmlns:android="http://schemas.android.com/apk/res/android"
3    package="pet.ca.simplearxan"
4    android:versionCode="1"
5    android:versionName="1.0" >
6
7    <uses-sdk
8        android:minSdkVersion="19"
8-->src/main/AndroidManifest.xml
9        android:targetSdkVersion="28" />
9-->src/main/AndroidManifest.xml
10
11    <uses-permission android:name="android.permission.INTERNET" />
11-->src/main/AndroidManifest.xml:5:5-67
11-->src/main/AndroidManifest.xml:5:22-64
12
13    <application
13-->src/main/AndroidManifest.xml:7:5-25:19
14        android:allowBackup="true"
14-->src/main/AndroidManifest.xml:8:9-35
15        android:appComponentFactory="android.support.v4.app.CoreComponentFactory"
15-->[com.android.support:support-compat:28.0.0] AndroidManifest.xml:22:18-91
16        android:debuggable="true"
17        android:icon="@mipmap/ic_launcher"
17-->src/main/AndroidManifest.xml:10:9-43
18        android:label="@string/app_name"
18-->src/main/AndroidManifest.xml:11:9-41
19        android:networkSecurityConfig="@xml/network_security_config"
19-->src/main/AndroidManifest.xml:9:9-69
20        android:roundIcon="@mipmap/ic_launcher_round"
20-->src/main/AndroidManifest.xml:12:9-54
21        android:supportsRtl="true"
21-->src/main/AndroidManifest.xml:13:9-35
22        android:theme="@style/AppTheme" >
22-->src/main/AndroidManifest.xml:14:9-40
23        <activity android:name="pet.ca.simplearxan.MainActivity" >
23-->src/main/AndroidManifest.xml:15:9-21:20
23-->src/main/AndroidManifest.xml:15:19-47
24            <intent-filter>
24-->src/main/AndroidManifest.xml:16:13-20:29
25                <action android:name="android.intent.action.MAIN" />
25-->src/main/AndroidManifest.xml:17:17-69
25-->src/main/AndroidManifest.xml:17:25-66
26
27                <category android:name="android.intent.category.LAUNCHER" />
27-->src/main/AndroidManifest.xml:19:17-77
27-->src/main/AndroidManifest.xml:19:27-74
28            </intent-filter>
29        </activity>
30        <activity
30-->src/main/AndroidManifest.xml:22:9-24:20
31            android:name="pet.ca.simplearxan.SecondActivity"
31-->src/main/AndroidManifest.xml:22:19-49
32            android:parentActivityName="pet.ca.simplearxan.MainActivity" >
32-->src/main/AndroidManifest.xml:22:50-92
33        </activity>
34    </application>
35
36</manifest>